#
# There is insufficient memory for the Java Runtime Environment to continue.
# Native memory allocation (malloc) failed to allocate 662448 bytes for Chunk::new
# Possible reasons:
#   The system is out of physical RAM or swap space
#   The process is running with CompressedOops enabled, and the Java Heap may be blocking the growth of the native heap
# Possible solutions:
#   Reduce memory load on the system
#   Increase physical memory or swap space
#   Check if swap backing store is full
#   Decrease Java heap size (-Xmx/-Xms)
#   Decrease number of Java threads
#   Decrease Java thread stack sizes (-Xss)
#   Set larger code cache with -XX:ReservedCodeCacheSize=
#   JVM is running with Zero Based Compressed Oops mode in which the Java heap is
#     placed in the first 32GB address space. The Java Heap base address is the
#     maximum limit for the native heap growth. Please use -XX:HeapBaseMinAddress
#     to set the Java Heap base and to place the Java Heap above 32GB virtual address.
# This output file may be truncated or incomplete.
#
#  Out of Memory Error (t:/workspace/open/src/hotspot/share/memory/arena.cpp:196), pid=14164, tid=14116
#
# JRE version: Java(TM) SE Runtime Environment (13.0.2+8) (build 13.0.2+8)
# Java VM: Java HotSpot(TM) 64-Bit Server VM (13.0.2+8, mixed mode, sharing, tiered, compressed oops, g1 gc, windows-amd64)
# No core dump will be written. Minidumps are not enabled by default on client versions of Windows
#

---------------  S U M M A R Y ------------

Command Line: --module-path=C:\Users\Moi\Documents\BTS_SIO\cours-bts-sio\poo\JavaFX\javafx-sdk-17.0.1\lib --add-modules=javafx.controls,javafx.fxml -Dfile.encoding=UTF-8 piscine.Main

Host: Intel(R) Core(TM) i5-6300U CPU @ 2.40GHz, 4 cores, 15G,  Windows 10 , 64 bit Build 19041 (10.0.19041.2788)
Time: Wed May  3 15:01:59 2023 Paris, Madrid (heure d’été) elapsed time: 1 seconds (0d 0h 0m 1s)

---------------  T H R E A D  ---------------

Current thread (0x000002184c9af000):  JavaThread "C2 CompilerThread0" daemon [_thread_in_native, id=14116, stack(0x000000650ad00000,0x000000650ae00000)]


Current CompileTask:
C2:   1707  950       4       java.io.DataInputStream::readUTF (501 bytes)

Stack: [0x000000650ad00000,0x000000650ae00000]
Native frames: (J=compiled Java code, j=interpreted, Vv=VM code, C=native code)
V  [jvm.dll+0x624f9a]
V  [jvm.dll+0x770cfa]
V  [jvm.dll+0x7724af]
V  [jvm.dll+0x772ab3]
V  [jvm.dll+0x24bf08]
V  [jvm.dll+0xc1e47]
V  [jvm.dll+0xc23cc]
V  [jvm.dll+0x35c0c5]
V  [jvm.dll+0x327803]
V  [jvm.dll+0x326bda]
V  [jvm.dll+0x205c27]
V  [jvm.dll+0x204e3f]
V  [jvm.dll+0x189c2c]
V  [jvm.dll+0x213e6d]
V  [jvm.dll+0x2120bb]
V  [jvm.dll+0x736bb6]
V  [jvm.dll+0x72fcaa]
V  [jvm.dll+0x623ea6]
C  [ucrtbase.dll+0x21bb2]
C  [KERNEL32.DLL+0x17604]
C  [ntdll.dll+0x526a1]


---------------  P R O C E S S  ---------------

Threads class SMR info:
_java_thread_list=0x000002184e170ea0, length=16, elements={
0x00000218298cf800, 0x000002184c98d800, 0x000002184c990800, 0x000002184c9ab000,
0x000002184c9ad000, 0x000002184c9af000, 0x000002184d29d000, 0x000002184d2a5800,
0x000002184d2e3800, 0x000002184dc6f800, 0x000002184d508000, 0x000002184dd9e800,
0x000002184d40f800, 0x000002184dd21800, 0x000002184d8b5000, 0x000002184e185800
}

Java Threads: ( => current thread )
  0x00000218298cf800 JavaThread "main" [_thread_blocked, id=13740, stack(0x000000650a200000,0x000000650a300000)]
  0x000002184c98d800 JavaThread "Reference Handler" daemon [_thread_blocked, id=3216, stack(0x000000650a900000,0x000000650aa00000)]
  0x000002184c990800 JavaThread "Finalizer" daemon [_thread_blocked, id=11064, stack(0x000000650aa00000,0x000000650ab00000)]
  0x000002184c9ab000 JavaThread "Signal Dispatcher" daemon [_thread_blocked, id=13896, stack(0x000000650ab00000,0x000000650ac00000)]
  0x000002184c9ad000 JavaThread "Attach Listener" daemon [_thread_blocked, id=2020, stack(0x000000650ac00000,0x000000650ad00000)]
=>0x000002184c9af000 JavaThread "C2 CompilerThread0" daemon [_thread_in_native, id=14116, stack(0x000000650ad00000,0x000000650ae00000)]
  0x000002184d29d000 JavaThread "C1 CompilerThread0" daemon [_thread_blocked, id=9988, stack(0x000000650ae00000,0x000000650af00000)]
  0x000002184d2a5800 JavaThread "Sweeper thread" daemon [_thread_blocked, id=7084, stack(0x000000650af00000,0x000000650b000000)]
  0x000002184d2e3800 JavaThread "Common-Cleaner" daemon [_thread_blocked, id=11692, stack(0x000000650b000000,0x000000650b100000)]
  0x000002184dc6f800 JavaThread "Service Thread" daemon [_thread_blocked, id=15140, stack(0x000000650b200000,0x000000650b300000)]
  0x000002184d508000 JavaThread "QuantumRenderer-0" daemon [_thread_blocked, id=10416, stack(0x000000650b100000,0x000000650b200000)]
  0x000002184dd9e800 JavaThread "InvokeLaterDispatcher" daemon [_thread_blocked, id=10548, stack(0x000000650b500000,0x000000650b600000)]
  0x000002184d40f800 JavaThread "JavaFX Application Thread" [_thread_in_vm, id=7180, stack(0x000000650b600000,0x000000650b700000)]
  0x000002184dd21800 JavaThread "JavaFX-Launcher" [_thread_blocked, id=13124, stack(0x000000650b800000,0x000000650b900000)]
  0x000002184d8b5000 JavaThread "Thread-2" daemon [_thread_in_native, id=8624, stack(0x000000650b700000,0x000000650b800000)]
  0x000002184e185800 JavaThread "C2 CompilerThread1" daemon [_thread_blocked, id=2324, stack(0x000000650b400000,0x000000650b500000)]

Other Threads:
  0x000002184c98c800 VMThread "VM Thread" [stack: 0x000000650a800000,0x000000650a900000] [id=14820]
  0x000002184d5c7800 WatcherThread [stack: 0x000000650b300000,0x000000650b400000] [id=4044]
  0x0000021829939000 GCTaskThread "GC Thread#0" [stack: 0x000000650a300000,0x000000650a400000] [id=7484]
  0x000002184d8b6000 GCTaskThread "GC Thread#1" [stack: 0x000000650b900000,0x000000650ba00000] [id=3680]
  0x000002184dd8a800 GCTaskThread "GC Thread#2" [stack: 0x000000650ba00000,0x000000650bb00000] [id=9080]
  0x000002184dd8b000 GCTaskThread "GC Thread#3" [stack: 0x000000650bb00000,0x000000650bc00000] [id=15576]
  0x000002182995a800 ConcurrentGCThread "G1 Main Marker" [stack: 0x000000650a400000,0x000000650a500000] [id=10272]
  0x000002182995c800 ConcurrentGCThread "G1 Conc#0" [stack: 0x000000650a500000,0x000000650a600000] [id=14628]
  0x000002184c884000 ConcurrentGCThread "G1 Refine#0" [stack: 0x000000650a600000,0x000000650a700000] [id=9516]
  0x000002184c886000 ConcurrentGCThread "G1 Young RemSet Sampling" [stack: 0x000000650a700000,0x000000650a800000] [id=1164]

Threads with active compile tasks:
C2 CompilerThread0     1788  950       4       java.io.DataInputStream::readUTF (501 bytes)

VM state:not at safepoint (normal execution)

VM Mutex/Monitor currently owned by a thread: None

Heap address: 0x0000000705200000, size: 4014 MB, Compressed Oops mode: Zero based, Oop shift amount: 3
Narrow klass base: 0x0000000800000000, Narrow klass shift: 3
Compressed class space size: 1073741824 Address: 0x0000000800b40000

Heap:
 garbage-first heap   total 258048K, used 12983K [0x0000000705200000, 0x0000000800000000)
  region size 1024K, 13 young (13312K), 2 survivors (2048K)
 Metaspace       used 6769K, capacity 8800K, committed 9088K, reserved 1056768K
  class space    used 848K, capacity 1115K, committed 1152K, reserved 1048576K
Heap Regions: E=young(eden), S=young(survivor), O=old, HS=humongous(starts), HC=humongous(continues), CS=collection set, F=free, A=archive, TAMS=top-at-mark-start (previous, next)
|   0|0x0000000705200000, 0x0000000705300000, 0x0000000705300000|100%|HS|  |TAMS 0x0000000705200000, 0x0000000705200000| Complete 
|   1|0x0000000705300000, 0x0000000705300000, 0x0000000705400000|  0%| F|  |TAMS 0x0000000705300000, 0x0000000705300000| Untracked 
|   2|0x0000000705400000, 0x0000000705400000, 0x0000000705500000|  0%| F|  |TAMS 0x0000000705400000, 0x0000000705400000| Untracked 
|   3|0x0000000705500000, 0x0000000705500000, 0x0000000705600000|  0%| F|  |TAMS 0x0000000705500000, 0x0000000705500000| Untracked 
|   4|0x0000000705600000, 0x0000000705600000, 0x0000000705700000|  0%| F|  |TAMS 0x0000000705600000, 0x0000000705600000| Untracked 
|   5|0x0000000705700000, 0x0000000705700000, 0x0000000705800000|  0%| F|  |TAMS 0x0000000705700000, 0x0000000705700000| Untracked 
|   6|0x0000000705800000, 0x0000000705800000, 0x0000000705900000|  0%| F|  |TAMS 0x0000000705800000, 0x0000000705800000| Untracked 
|   7|0x0000000705900000, 0x0000000705900000, 0x0000000705a00000|  0%| F|  |TAMS 0x0000000705900000, 0x0000000705900000| Untracked 
|   8|0x0000000705a00000, 0x0000000705a00000, 0x0000000705b00000|  0%| F|  |TAMS 0x0000000705a00000, 0x0000000705a00000| Untracked 
|   9|0x0000000705b00000, 0x0000000705b00000, 0x0000000705c00000|  0%| F|  |TAMS 0x0000000705b00000, 0x0000000705b00000| Untracked 
|  10|0x0000000705c00000, 0x0000000705c00000, 0x0000000705d00000|  0%| F|  |TAMS 0x0000000705c00000, 0x0000000705c00000| Untracked 
|  11|0x0000000705d00000, 0x0000000705d00000, 0x0000000705e00000|  0%| F|  |TAMS 0x0000000705d00000, 0x0000000705d00000| Untracked 
|  12|0x0000000705e00000, 0x0000000705e00000, 0x0000000705f00000|  0%| F|  |TAMS 0x0000000705e00000, 0x0000000705e00000| Untracked 
|  13|0x0000000705f00000, 0x0000000705f00000, 0x0000000706000000|  0%| F|  |TAMS 0x0000000705f00000, 0x0000000705f00000| Untracked 
|  14|0x0000000706000000, 0x0000000706000000, 0x0000000706100000|  0%| F|  |TAMS 0x0000000706000000, 0x0000000706000000| Untracked 
|  15|0x0000000706100000, 0x0000000706100000, 0x0000000706200000|  0%| F|  |TAMS 0x0000000706100000, 0x0000000706100000| Untracked 
|  16|0x0000000706200000, 0x0000000706200000, 0x0000000706300000|  0%| F|  |TAMS 0x0000000706200000, 0x0000000706200000| Untracked 
|  17|0x0000000706300000, 0x0000000706300000, 0x0000000706400000|  0%| F|  |TAMS 0x0000000706300000, 0x0000000706300000| Untracked 
|  18|0x0000000706400000, 0x0000000706400000, 0x0000000706500000|  0%| F|  |TAMS 0x0000000706400000, 0x0000000706400000| Untracked 
|  19|0x0000000706500000, 0x0000000706500000, 0x0000000706600000|  0%| F|  |TAMS 0x0000000706500000, 0x0000000706500000| Untracked 
|  20|0x0000000706600000, 0x0000000706600000, 0x0000000706700000|  0%| F|  |TAMS 0x0000000706600000, 0x0000000706600000| Untracked 
|  21|0x0000000706700000, 0x0000000706700000, 0x0000000706800000|  0%| F|  |TAMS 0x0000000706700000, 0x0000000706700000| Untracked 
|  22|0x0000000706800000, 0x0000000706800000, 0x0000000706900000|  0%| F|  |TAMS 0x0000000706800000, 0x0000000706800000| Untracked 
|  23|0x0000000706900000, 0x0000000706900000, 0x0000000706a00000|  0%| F|  |TAMS 0x0000000706900000, 0x0000000706900000| Untracked 
|  24|0x0000000706a00000, 0x0000000706a00000, 0x0000000706b00000|  0%| F|  |TAMS 0x0000000706a00000, 0x0000000706a00000| Untracked 
|  25|0x0000000706b00000, 0x0000000706b00000, 0x0000000706c00000|  0%| F|  |TAMS 0x0000000706b00000, 0x0000000706b00000| Untracked 
|  26|0x0000000706c00000, 0x0000000706c00000, 0x0000000706d00000|  0%| F|  |TAMS 0x0000000706c00000, 0x0000000706c00000| Untracked 
|  27|0x0000000706d00000, 0x0000000706d00000, 0x0000000706e00000|  0%| F|  |TAMS 0x0000000706d00000, 0x0000000706d00000| Untracked 
|  28|0x0000000706e00000, 0x0000000706e00000, 0x0000000706f00000|  0%| F|  |TAMS 0x0000000706e00000, 0x0000000706e00000| Untracked 
|  29|0x0000000706f00000, 0x0000000706f00000, 0x0000000707000000|  0%| F|  |TAMS 0x0000000706f00000, 0x0000000706f00000| Untracked 
|  30|0x0000000707000000, 0x0000000707000000, 0x0000000707100000|  0%| F|  |TAMS 0x0000000707000000, 0x0000000707000000| Untracked 
|  31|0x0000000707100000, 0x0000000707100000, 0x0000000707200000|  0%| F|  |TAMS 0x0000000707100000, 0x0000000707100000| Untracked 
|  32|0x0000000707200000, 0x0000000707200000, 0x0000000707300000|  0%| F|  |TAMS 0x0000000707200000, 0x0000000707200000| Untracked 
|  33|0x0000000707300000, 0x0000000707300000, 0x0000000707400000|  0%| F|  |TAMS 0x0000000707300000, 0x0000000707300000| Untracked 
|  34|0x0000000707400000, 0x0000000707400000, 0x0000000707500000|  0%| F|  |TAMS 0x0000000707400000, 0x0000000707400000| Untracked 
|  35|0x0000000707500000, 0x0000000707500000, 0x0000000707600000|  0%| F|  |TAMS 0x0000000707500000, 0x0000000707500000| Untracked 
|  36|0x0000000707600000, 0x0000000707600000, 0x0000000707700000|  0%| F|  |TAMS 0x0000000707600000, 0x0000000707600000| Untracked 
|  37|0x0000000707700000, 0x0000000707700000, 0x0000000707800000|  0%| F|  |TAMS 0x0000000707700000, 0x0000000707700000| Untracked 
|  38|0x0000000707800000, 0x0000000707800000, 0x0000000707900000|  0%| F|  |TAMS 0x0000000707800000, 0x0000000707800000| Untracked 
|  39|0x0000000707900000, 0x0000000707900000, 0x0000000707a00000|  0%| F|  |TAMS 0x0000000707900000, 0x0000000707900000| Untracked 
|  40|0x0000000707a00000, 0x0000000707a00000, 0x0000000707b00000|  0%| F|  |TAMS 0x0000000707a00000, 0x0000000707a00000| Untracked 
|  41|0x0000000707b00000, 0x0000000707b00000, 0x0000000707c00000|  0%| F|  |TAMS 0x0000000707b00000, 0x0000000707b00000| Untracked 
|  42|0x0000000707c00000, 0x0000000707c00000, 0x0000000707d00000|  0%| F|  |TAMS 0x0000000707c00000, 0x0000000707c00000| Untracked 
|  43|0x0000000707d00000, 0x0000000707d00000, 0x0000000707e00000|  0%| F|  |TAMS 0x0000000707d00000, 0x0000000707d00000| Untracked 
|  44|0x0000000707e00000, 0x0000000707e00000, 0x0000000707f00000|  0%| F|  |TAMS 0x0000000707e00000, 0x0000000707e00000| Untracked 
|  45|0x0000000707f00000, 0x0000000707f00000, 0x0000000708000000|  0%| F|  |TAMS 0x0000000707f00000, 0x0000000707f00000| Untracked 
|  46|0x0000000708000000, 0x0000000708000000, 0x0000000708100000|  0%| F|  |TAMS 0x0000000708000000, 0x0000000708000000| Untracked 
|  47|0x0000000708100000, 0x0000000708100000, 0x0000000708200000|  0%| F|  |TAMS 0x0000000708100000, 0x0000000708100000| Untracked 
|  48|0x0000000708200000, 0x0000000708200000, 0x0000000708300000|  0%| F|  |TAMS 0x0000000708200000, 0x0000000708200000| Untracked 
|  49|0x0000000708300000, 0x0000000708300000, 0x0000000708400000|  0%| F|  |TAMS 0x0000000708300000, 0x0000000708300000| Untracked 
|  50|0x0000000708400000, 0x0000000708400000, 0x0000000708500000|  0%| F|  |TAMS 0x0000000708400000, 0x0000000708400000| Untracked 
|  51|0x0000000708500000, 0x0000000708500000, 0x0000000708600000|  0%| F|  |TAMS 0x0000000708500000, 0x0000000708500000| Untracked 
|  52|0x0000000708600000, 0x0000000708600000, 0x0000000708700000|  0%| F|  |TAMS 0x0000000708600000, 0x0000000708600000| Untracked 
|  53|0x0000000708700000, 0x0000000708700000, 0x0000000708800000|  0%| F|  |TAMS 0x0000000708700000, 0x0000000708700000| Untracked 
|  54|0x0000000708800000, 0x0000000708800000, 0x0000000708900000|  0%| F|  |TAMS 0x0000000708800000, 0x0000000708800000| Untracked 
|  55|0x0000000708900000, 0x0000000708900000, 0x0000000708a00000|  0%| F|  |TAMS 0x0000000708900000, 0x0000000708900000| Untracked 
|  56|0x0000000708a00000, 0x0000000708a00000, 0x0000000708b00000|  0%| F|  |TAMS 0x0000000708a00000, 0x0000000708a00000| Untracked 
|  57|0x0000000708b00000, 0x0000000708b00000, 0x0000000708c00000|  0%| F|  |TAMS 0x0000000708b00000, 0x0000000708b00000| Untracked 
|  58|0x0000000708c00000, 0x0000000708c00000, 0x0000000708d00000|  0%| F|  |TAMS 0x0000000708c00000, 0x0000000708c00000| Untracked 
|  59|0x0000000708d00000, 0x0000000708d00000, 0x0000000708e00000|  0%| F|  |TAMS 0x0000000708d00000, 0x0000000708d00000| Untracked 
|  60|0x0000000708e00000, 0x0000000708e00000, 0x0000000708f00000|  0%| F|  |TAMS 0x0000000708e00000, 0x0000000708e00000| Untracked 
|  61|0x0000000708f00000, 0x0000000708f00000, 0x0000000709000000|  0%| F|  |TAMS 0x0000000708f00000, 0x0000000708f00000| Untracked 
|  62|0x0000000709000000, 0x0000000709000000, 0x0000000709100000|  0%| F|  |TAMS 0x0000000709000000, 0x0000000709000000| Untracked 
|  63|0x0000000709100000, 0x0000000709100000, 0x0000000709200000|  0%| F|  |TAMS 0x0000000709100000, 0x0000000709100000| Untracked 
|  64|0x0000000709200000, 0x0000000709200000, 0x0000000709300000|  0%| F|  |TAMS 0x0000000709200000, 0x0000000709200000| Untracked 
|  65|0x0000000709300000, 0x0000000709300000, 0x0000000709400000|  0%| F|  |TAMS 0x0000000709300000, 0x0000000709300000| Untracked 
|  66|0x0000000709400000, 0x0000000709400000, 0x0000000709500000|  0%| F|  |TAMS 0x0000000709400000, 0x0000000709400000| Untracked 
|  67|0x0000000709500000, 0x0000000709500000, 0x0000000709600000|  0%| F|  |TAMS 0x0000000709500000, 0x0000000709500000| Untracked 
|  68|0x0000000709600000, 0x0000000709600000, 0x0000000709700000|  0%| F|  |TAMS 0x0000000709600000, 0x0000000709600000| Untracked 
|  69|0x0000000709700000, 0x0000000709700000, 0x0000000709800000|  0%| F|  |TAMS 0x0000000709700000, 0x0000000709700000| Untracked 
|  70|0x0000000709800000, 0x0000000709800000, 0x0000000709900000|  0%| F|  |TAMS 0x0000000709800000, 0x0000000709800000| Untracked 
|  71|0x0000000709900000, 0x0000000709900000, 0x0000000709a00000|  0%| F|  |TAMS 0x0000000709900000, 0x0000000709900000| Untracked 
|  72|0x0000000709a00000, 0x0000000709a00000, 0x0000000709b00000|  0%| F|  |TAMS 0x0000000709a00000, 0x0000000709a00000| Untracked 
|  73|0x0000000709b00000, 0x0000000709b00000, 0x0000000709c00000|  0%| F|  |TAMS 0x0000000709b00000, 0x0000000709b00000| Untracked 
|  74|0x0000000709c00000, 0x0000000709c00000, 0x0000000709d00000|  0%| F|  |TAMS 0x0000000709c00000, 0x0000000709c00000| Untracked 
|  75|0x0000000709d00000, 0x0000000709d00000, 0x0000000709e00000|  0%| F|  |TAMS 0x0000000709d00000, 0x0000000709d00000| Untracked 
|  76|0x0000000709e00000, 0x0000000709e00000, 0x0000000709f00000|  0%| F|  |TAMS 0x0000000709e00000, 0x0000000709e00000| Untracked 
|  77|0x0000000709f00000, 0x0000000709f00000, 0x000000070a000000|  0%| F|  |TAMS 0x0000000709f00000, 0x0000000709f00000| Untracked 
|  78|0x000000070a000000, 0x000000070a000000, 0x000000070a100000|  0%| F|  |TAMS 0x000000070a000000, 0x000000070a000000| Untracked 
|  79|0x000000070a100000, 0x000000070a100000, 0x000000070a200000|  0%| F|  |TAMS 0x000000070a100000, 0x000000070a100000| Untracked 
|  80|0x000000070a200000, 0x000000070a200000, 0x000000070a300000|  0%| F|  |TAMS 0x000000070a200000, 0x000000070a200000| Untracked 
|  81|0x000000070a300000, 0x000000070a300000, 0x000000070a400000|  0%| F|  |TAMS 0x000000070a300000, 0x000000070a300000| Untracked 
|  82|0x000000070a400000, 0x000000070a400000, 0x000000070a500000|  0%| F|  |TAMS 0x000000070a400000, 0x000000070a400000| Untracked 
|  83|0x000000070a500000, 0x000000070a500000, 0x000000070a600000|  0%| F|  |TAMS 0x000000070a500000, 0x000000070a500000| Untracked 
|  84|0x000000070a600000, 0x000000070a600000, 0x000000070a700000|  0%| F|  |TAMS 0x000000070a600000, 0x000000070a600000| Untracked 
|  85|0x000000070a700000, 0x000000070a700000, 0x000000070a800000|  0%| F|  |TAMS 0x000000070a700000, 0x000000070a700000| Untracked 
|  86|0x000000070a800000, 0x000000070a800000, 0x000000070a900000|  0%| F|  |TAMS 0x000000070a800000, 0x000000070a800000| Untracked 
|  87|0x000000070a900000, 0x000000070a900000, 0x000000070aa00000|  0%| F|  |TAMS 0x000000070a900000, 0x000000070a900000| Untracked 
|  88|0x000000070aa00000, 0x000000070aa00000, 0x000000070ab00000|  0%| F|  |TAMS 0x000000070aa00000, 0x000000070aa00000| Untracked 
|  89|0x000000070ab00000, 0x000000070ab00000, 0x000000070ac00000|  0%| F|  |TAMS 0x000000070ab00000, 0x000000070ab00000| Untracked 
|  90|0x000000070ac00000, 0x000000070ac00000, 0x000000070ad00000|  0%| F|  |TAMS 0x000000070ac00000, 0x000000070ac00000| Untracked 
|  91|0x000000070ad00000, 0x000000070ad00000, 0x000000070ae00000|  0%| F|  |TAMS 0x000000070ad00000, 0x000000070ad00000| Untracked 
|  92|0x000000070ae00000, 0x000000070ae00000, 0x000000070af00000|  0%| F|  |TAMS 0x000000070ae00000, 0x000000070ae00000| Untracked 
|  93|0x000000070af00000, 0x000000070af00000, 0x000000070b000000|  0%| F|  |TAMS 0x000000070af00000, 0x000000070af00000| Untracked 
|  94|0x000000070b000000, 0x000000070b000000, 0x000000070b100000|  0%| F|  |TAMS 0x000000070b000000, 0x000000070b000000| Untracked 
|  95|0x000000070b100000, 0x000000070b100000, 0x000000070b200000|  0%| F|  |TAMS 0x000000070b100000, 0x000000070b100000| Untracked 
|  96|0x000000070b200000, 0x000000070b200000, 0x000000070b300000|  0%| F|  |TAMS 0x000000070b200000, 0x000000070b200000| Untracked 
|  97|0x000000070b300000, 0x000000070b300000, 0x000000070b400000|  0%| F|  |TAMS 0x000000070b300000, 0x000000070b300000| Untracked 
|  98|0x000000070b400000, 0x000000070b400000, 0x000000070b500000|  0%| F|  |TAMS 0x000000070b400000, 0x000000070b400000| Untracked 
|  99|0x000000070b500000, 0x000000070b500000, 0x000000070b600000|  0%| F|  |TAMS 0x000000070b500000, 0x000000070b500000| Untracked 
| 100|0x000000070b600000, 0x000000070b600000, 0x000000070b700000|  0%| F|  |TAMS 0x000000070b600000, 0x000000070b600000| Untracked 
| 101|0x000000070b700000, 0x000000070b700000, 0x000000070b800000|  0%| F|  |TAMS 0x000000070b700000, 0x000000070b700000| Untracked 
| 102|0x000000070b800000, 0x000000070b800000, 0x000000070b900000|  0%| F|  |TAMS 0x000000070b800000, 0x000000070b800000| Untracked 
| 103|0x000000070b900000, 0x000000070b900000, 0x000000070ba00000|  0%| F|  |TAMS 0x000000070b900000, 0x000000070b900000| Untracked 
| 104|0x000000070ba00000, 0x000000070ba00000, 0x000000070bb00000|  0%| F|  |TAMS 0x000000070ba00000, 0x000000070ba00000| Untracked 
| 105|0x000000070bb00000, 0x000000070bb00000, 0x000000070bc00000|  0%| F|  |TAMS 0x000000070bb00000, 0x000000070bb00000| Untracked 
| 106|0x000000070bc00000, 0x000000070bc00000, 0x000000070bd00000|  0%| F|  |TAMS 0x000000070bc00000, 0x000000070bc00000| Untracked 
| 107|0x000000070bd00000, 0x000000070bd00000, 0x000000070be00000|  0%| F|  |TAMS 0x000000070bd00000, 0x000000070bd00000| Untracked 
| 108|0x000000070be00000, 0x000000070be00000, 0x000000070bf00000|  0%| F|  |TAMS 0x000000070be00000, 0x000000070be00000| Untracked 
| 109|0x000000070bf00000, 0x000000070bf00000, 0x000000070c000000|  0%| F|  |TAMS 0x000000070bf00000, 0x000000070bf00000| Untracked 
| 110|0x000000070c000000, 0x000000070c000000, 0x000000070c100000|  0%| F|  |TAMS 0x000000070c000000, 0x000000070c000000| Untracked 
| 111|0x000000070c100000, 0x000000070c100000, 0x000000070c200000|  0%| F|  |TAMS 0x000000070c100000, 0x000000070c100000| Untracked 
| 112|0x000000070c200000, 0x000000070c200000, 0x000000070c300000|  0%| F|  |TAMS 0x000000070c200000, 0x000000070c200000| Untracked 
| 113|0x000000070c300000, 0x000000070c300000, 0x000000070c400000|  0%| F|  |TAMS 0x000000070c300000, 0x000000070c300000| Untracked 
| 114|0x000000070c400000, 0x000000070c400000, 0x000000070c500000|  0%| F|  |TAMS 0x000000070c400000, 0x000000070c400000| Untracked 
| 115|0x000000070c500000, 0x000000070c500000, 0x000000070c600000|  0%| F|  |TAMS 0x000000070c500000, 0x000000070c500000| Untracked 
| 116|0x000000070c600000, 0x000000070c600000, 0x000000070c700000|  0%| F|  |TAMS 0x000000070c600000, 0x000000070c600000| Untracked 
| 117|0x000000070c700000, 0x000000070c700000, 0x000000070c800000|  0%| F|  |TAMS 0x000000070c700000, 0x000000070c700000| Untracked 
| 118|0x000000070c800000, 0x000000070c800000, 0x000000070c900000|  0%| F|  |TAMS 0x000000070c800000, 0x000000070c800000| Untracked 
| 119|0x000000070c900000, 0x000000070c900000, 0x000000070ca00000|  0%| F|  |TAMS 0x000000070c900000, 0x000000070c900000| Untracked 
| 120|0x000000070ca00000, 0x000000070ca00000, 0x000000070cb00000|  0%| F|  |TAMS 0x000000070ca00000, 0x000000070ca00000| Untracked 
| 121|0x000000070cb00000, 0x000000070cb00000, 0x000000070cc00000|  0%| F|  |TAMS 0x000000070cb00000, 0x000000070cb00000| Untracked 
| 122|0x000000070cc00000, 0x000000070cc00000, 0x000000070cd00000|  0%| F|  |TAMS 0x000000070cc00000, 0x000000070cc00000| Untracked 
| 123|0x000000070cd00000, 0x000000070cd00000, 0x000000070ce00000|  0%| F|  |TAMS 0x000000070cd00000, 0x000000070cd00000| Untracked 
| 124|0x000000070ce00000, 0x000000070ce00000, 0x000000070cf00000|  0%| F|  |TAMS 0x000000070ce00000, 0x000000070ce00000| Untracked 
| 125|0x000000070cf00000, 0x000000070cf00000, 0x000000070d000000|  0%| F|  |TAMS 0x000000070cf00000, 0x000000070cf00000| Untracked 
| 126|0x000000070d000000, 0x000000070d000000, 0x000000070d100000|  0%| F|  |TAMS 0x000000070d000000, 0x000000070d000000| Untracked 
| 127|0x000000070d100000, 0x000000070d100000, 0x000000070d200000|  0%| F|  |TAMS 0x000000070d100000, 0x000000070d100000| Untracked 
| 128|0x000000070d200000, 0x000000070d200000, 0x000000070d300000|  0%| F|  |TAMS 0x000000070d200000, 0x000000070d200000| Untracked 
| 129|0x000000070d300000, 0x000000070d300000, 0x000000070d400000|  0%| F|  |TAMS 0x000000070d300000, 0x000000070d300000| Untracked 
| 130|0x000000070d400000, 0x000000070d400000, 0x000000070d500000|  0%| F|  |TAMS 0x000000070d400000, 0x000000070d400000| Untracked 
| 131|0x000000070d500000, 0x000000070d500000, 0x000000070d600000|  0%| F|  |TAMS 0x000000070d500000, 0x000000070d500000| Untracked 
| 132|0x000000070d600000, 0x000000070d600000, 0x000000070d700000|  0%| F|  |TAMS 0x000000070d600000, 0x000000070d600000| Untracked 
| 133|0x000000070d700000, 0x000000070d700000, 0x000000070d800000|  0%| F|  |TAMS 0x000000070d700000, 0x000000070d700000| Untracked 
| 134|0x000000070d800000, 0x000000070d800000, 0x000000070d900000|  0%| F|  |TAMS 0x000000070d800000, 0x000000070d800000| Untracked 
| 135|0x000000070d900000, 0x000000070d900000, 0x000000070da00000|  0%| F|  |TAMS 0x000000070d900000, 0x000000070d900000| Untracked 
| 136|0x000000070da00000, 0x000000070da00000, 0x000000070db00000|  0%| F|  |TAMS 0x000000070da00000, 0x000000070da00000| Untracked 
| 137|0x000000070db00000, 0x000000070db00000, 0x000000070dc00000|  0%| F|  |TAMS 0x000000070db00000, 0x000000070db00000| Untracked 
| 138|0x000000070dc00000, 0x000000070dc00000, 0x000000070dd00000|  0%| F|  |TAMS 0x000000070dc00000, 0x000000070dc00000| Untracked 
| 139|0x000000070dd00000, 0x000000070dd00000, 0x000000070de00000|  0%| F|  |TAMS 0x000000070dd00000, 0x000000070dd00000| Untracked 
| 140|0x000000070de00000, 0x000000070de00000, 0x000000070df00000|  0%| F|  |TAMS 0x000000070de00000, 0x000000070de00000| Untracked 
| 141|0x000000070df00000, 0x000000070df00000, 0x000000070e000000|  0%| F|  |TAMS 0x000000070df00000, 0x000000070df00000| Untracked 
| 142|0x000000070e000000, 0x000000070e000000, 0x000000070e100000|  0%| F|  |TAMS 0x000000070e000000, 0x000000070e000000| Untracked 
| 143|0x000000070e100000, 0x000000070e100000, 0x000000070e200000|  0%| F|  |TAMS 0x000000070e100000, 0x000000070e100000| Untracked 
| 144|0x000000070e200000, 0x000000070e200000, 0x000000070e300000|  0%| F|  |TAMS 0x000000070e200000, 0x000000070e200000| Untracked 
| 145|0x000000070e300000, 0x000000070e300000, 0x000000070e400000|  0%| F|  |TAMS 0x000000070e300000, 0x000000070e300000| Untracked 
| 146|0x000000070e400000, 0x000000070e400000, 0x000000070e500000|  0%| F|  |TAMS 0x000000070e400000, 0x000000070e400000| Untracked 
| 147|0x000000070e500000, 0x000000070e500000, 0x000000070e600000|  0%| F|  |TAMS 0x000000070e500000, 0x000000070e500000| Untracked 
| 148|0x000000070e600000, 0x000000070e600000, 0x000000070e700000|  0%| F|  |TAMS 0x000000070e600000, 0x000000070e600000| Untracked 
| 149|0x000000070e700000, 0x000000070e700000, 0x000000070e800000|  0%| F|  |TAMS 0x000000070e700000, 0x000000070e700000| Untracked 
| 150|0x000000070e800000, 0x000000070e800000, 0x000000070e900000|  0%| F|  |TAMS 0x000000070e800000, 0x000000070e800000| Untracked 
| 151|0x000000070e900000, 0x000000070e900000, 0x000000070ea00000|  0%| F|  |TAMS 0x000000070e900000, 0x000000070e900000| Untracked 
| 152|0x000000070ea00000, 0x000000070ea00000, 0x000000070eb00000|  0%| F|  |TAMS 0x000000070ea00000, 0x000000070ea00000| Untracked 
| 153|0x000000070eb00000, 0x000000070eb00000, 0x000000070ec00000|  0%| F|  |TAMS 0x000000070eb00000, 0x000000070eb00000| Untracked 
| 154|0x000000070ec00000, 0x000000070ec00000, 0x000000070ed00000|  0%| F|  |TAMS 0x000000070ec00000, 0x000000070ec00000| Untracked 
| 155|0x000000070ed00000, 0x000000070ed00000, 0x000000070ee00000|  0%| F|  |TAMS 0x000000070ed00000, 0x000000070ed00000| Untracked 
| 156|0x000000070ee00000, 0x000000070ee00000, 0x000000070ef00000|  0%| F|  |TAMS 0x000000070ee00000, 0x000000070ee00000| Untracked 
| 157|0x000000070ef00000, 0x000000070ef00000, 0x000000070f000000|  0%| F|  |TAMS 0x000000070ef00000, 0x000000070ef00000| Untracked 
| 158|0x000000070f000000, 0x000000070f000000, 0x000000070f100000|  0%| F|  |TAMS 0x000000070f000000, 0x000000070f000000| Untracked 
| 159|0x000000070f100000, 0x000000070f100000, 0x000000070f200000|  0%| F|  |TAMS 0x000000070f100000, 0x000000070f100000| Untracked 
| 160|0x000000070f200000, 0x000000070f200000, 0x000000070f300000|  0%| F|  |TAMS 0x000000070f200000, 0x000000070f200000| Untracked 
| 161|0x000000070f300000, 0x000000070f300000, 0x000000070f400000|  0%| F|  |TAMS 0x000000070f300000, 0x000000070f300000| Untracked 
| 162|0x000000070f400000, 0x000000070f400000, 0x000000070f500000|  0%| F|  |TAMS 0x000000070f400000, 0x000000070f400000| Untracked 
| 163|0x000000070f500000, 0x000000070f500000, 0x000000070f600000|  0%| F|  |TAMS 0x000000070f500000, 0x000000070f500000| Untracked 
| 164|0x000000070f600000, 0x000000070f600000, 0x000000070f700000|  0%| F|  |TAMS 0x000000070f600000, 0x000000070f600000| Untracked 
| 165|0x000000070f700000, 0x000000070f700000, 0x000000070f800000|  0%| F|  |TAMS 0x000000070f700000, 0x000000070f700000| Untracked 
| 166|0x000000070f800000, 0x000000070f800000, 0x000000070f900000|  0%| F|  |TAMS 0x000000070f800000, 0x000000070f800000| Untracked 
| 167|0x000000070f900000, 0x000000070f900000, 0x000000070fa00000|  0%| F|  |TAMS 0x000000070f900000, 0x000000070f900000| Untracked 
| 168|0x000000070fa00000, 0x000000070fa00000, 0x000000070fb00000|  0%| F|  |TAMS 0x000000070fa00000, 0x000000070fa00000| Untracked 
| 169|0x000000070fb00000, 0x000000070fb00000, 0x000000070fc00000|  0%| F|  |TAMS 0x000000070fb00000, 0x000000070fb00000| Untracked 
| 170|0x000000070fc00000, 0x000000070fc00000, 0x000000070fd00000|  0%| F|  |TAMS 0x000000070fc00000, 0x000000070fc00000| Untracked 
| 171|0x000000070fd00000, 0x000000070fd00000, 0x000000070fe00000|  0%| F|  |TAMS 0x000000070fd00000, 0x000000070fd00000| Untracked 
| 172|0x000000070fe00000, 0x000000070fe00000, 0x000000070ff00000|  0%| F|  |TAMS 0x000000070fe00000, 0x000000070fe00000| Untracked 
| 173|0x000000070ff00000, 0x000000070ff00000, 0x0000000710000000|  0%| F|  |TAMS 0x000000070ff00000, 0x000000070ff00000| Untracked 
| 174|0x0000000710000000, 0x0000000710000000, 0x0000000710100000|  0%| F|  |TAMS 0x0000000710000000, 0x0000000710000000| Untracked 
| 175|0x0000000710100000, 0x0000000710100000, 0x0000000710200000|  0%| F|  |TAMS 0x0000000710100000, 0x0000000710100000| Untracked 
| 176|0x0000000710200000, 0x0000000710200000, 0x0000000710300000|  0%| F|  |TAMS 0x0000000710200000, 0x0000000710200000| Untracked 
| 177|0x0000000710300000, 0x0000000710300000, 0x0000000710400000|  0%| F|  |TAMS 0x0000000710300000, 0x0000000710300000| Untracked 
| 178|0x0000000710400000, 0x0000000710400000, 0x0000000710500000|  0%| F|  |TAMS 0x0000000710400000, 0x0000000710400000| Untracked 
| 179|0x0000000710500000, 0x0000000710500000, 0x0000000710600000|  0%| F|  |TAMS 0x0000000710500000, 0x0000000710500000| Untracked 
| 180|0x0000000710600000, 0x0000000710600000, 0x0000000710700000|  0%| F|  |TAMS 0x0000000710600000, 0x0000000710600000| Untracked 
| 181|0x0000000710700000, 0x0000000710700000, 0x0000000710800000|  0%| F|  |TAMS 0x0000000710700000, 0x0000000710700000| Untracked 
| 182|0x0000000710800000, 0x0000000710800000, 0x0000000710900000|  0%| F|  |TAMS 0x0000000710800000, 0x0000000710800000| Untracked 
| 183|0x0000000710900000, 0x0000000710900000, 0x0000000710a00000|  0%| F|  |TAMS 0x0000000710900000, 0x0000000710900000| Untracked 
| 184|0x0000000710a00000, 0x0000000710a00000, 0x0000000710b00000|  0%| F|  |TAMS 0x0000000710a00000, 0x0000000710a00000| Untracked 
| 185|0x0000000710b00000, 0x0000000710b00000, 0x0000000710c00000|  0%| F|  |TAMS 0x0000000710b00000, 0x0000000710b00000| Untracked 
| 186|0x0000000710c00000, 0x0000000710c00000, 0x0000000710d00000|  0%| F|  |TAMS 0x0000000710c00000, 0x0000000710c00000| Untracked 
| 187|0x0000000710d00000, 0x0000000710d00000, 0x0000000710e00000|  0%| F|  |TAMS 0x0000000710d00000, 0x0000000710d00000| Untracked 
| 188|0x0000000710e00000, 0x0000000710e00000, 0x0000000710f00000|  0%| F|  |TAMS 0x0000000710e00000, 0x0000000710e00000| Untracked 
| 189|0x0000000710f00000, 0x0000000710f00000, 0x0000000711000000|  0%| F|  |TAMS 0x0000000710f00000, 0x0000000710f00000| Untracked 
| 190|0x0000000711000000, 0x0000000711000000, 0x0000000711100000|  0%| F|  |TAMS 0x0000000711000000, 0x0000000711000000| Untracked 
| 191|0x0000000711100000, 0x0000000711100000, 0x0000000711200000|  0%| F|  |TAMS 0x0000000711100000, 0x0000000711100000| Untracked 
| 192|0x0000000711200000, 0x0000000711200000, 0x0000000711300000|  0%| F|  |TAMS 0x0000000711200000, 0x0000000711200000| Untracked 
| 193|0x0000000711300000, 0x0000000711300000, 0x0000000711400000|  0%| F|  |TAMS 0x0000000711300000, 0x0000000711300000| Untracked 
| 194|0x0000000711400000, 0x0000000711400000, 0x0000000711500000|  0%| F|  |TAMS 0x0000000711400000, 0x0000000711400000| Untracked 
| 195|0x0000000711500000, 0x0000000711500000, 0x0000000711600000|  0%| F|  |TAMS 0x0000000711500000, 0x0000000711500000| Untracked 
| 196|0x0000000711600000, 0x0000000711600000, 0x0000000711700000|  0%| F|  |TAMS 0x0000000711600000, 0x0000000711600000| Untracked 
| 197|0x0000000711700000, 0x0000000711700000, 0x0000000711800000|  0%| F|  |TAMS 0x0000000711700000, 0x0000000711700000| Untracked 
| 198|0x0000000711800000, 0x0000000711800000, 0x0000000711900000|  0%| F|  |TAMS 0x0000000711800000, 0x0000000711800000| Untracked 
| 199|0x0000000711900000, 0x0000000711900000, 0x0000000711a00000|  0%| F|  |TAMS 0x0000000711900000, 0x0000000711900000| Untracked 
| 200|0x0000000711a00000, 0x0000000711a00000, 0x0000000711b00000|  0%| F|  |TAMS 0x0000000711a00000, 0x0000000711a00000| Untracked 
| 201|0x0000000711b00000, 0x0000000711b00000, 0x0000000711c00000|  0%| F|  |TAMS 0x0000000711b00000, 0x0000000711b00000| Untracked 
| 202|0x0000000711c00000, 0x0000000711c00000, 0x0000000711d00000|  0%| F|  |TAMS 0x0000000711c00000, 0x0000000711c00000| Untracked 
| 203|0x0000000711d00000, 0x0000000711d00000, 0x0000000711e00000|  0%| F|  |TAMS 0x0000000711d00000, 0x0000000711d00000| Untracked 
| 204|0x0000000711e00000, 0x0000000711e00000, 0x0000000711f00000|  0%| F|  |TAMS 0x0000000711e00000, 0x0000000711e00000| Untracked 
| 205|0x0000000711f00000, 0x0000000711f00000, 0x0000000712000000|  0%| F|  |TAMS 0x0000000711f00000, 0x0000000711f00000| Untracked 
| 206|0x0000000712000000, 0x0000000712000000, 0x0000000712100000|  0%| F|  |TAMS 0x0000000712000000, 0x0000000712000000| Untracked 
| 207|0x0000000712100000, 0x0000000712100000, 0x0000000712200000|  0%| F|  |TAMS 0x0000000712100000, 0x0000000712100000| Untracked 
| 208|0x0000000712200000, 0x0000000712200000, 0x0000000712300000|  0%| F|  |TAMS 0x0000000712200000, 0x0000000712200000| Untracked 
| 209|0x0000000712300000, 0x0000000712300000, 0x0000000712400000|  0%| F|  |TAMS 0x0000000712300000, 0x0000000712300000| Untracked 
| 210|0x0000000712400000, 0x0000000712400000, 0x0000000712500000|  0%| F|  |TAMS 0x0000000712400000, 0x0000000712400000| Untracked 
| 211|0x0000000712500000, 0x0000000712500000, 0x0000000712600000|  0%| F|  |TAMS 0x0000000712500000, 0x0000000712500000| Untracked 
| 212|0x0000000712600000, 0x0000000712600000, 0x0000000712700000|  0%| F|  |TAMS 0x0000000712600000, 0x0000000712600000| Untracked 
| 213|0x0000000712700000, 0x0000000712700000, 0x0000000712800000|  0%| F|  |TAMS 0x0000000712700000, 0x0000000712700000| Untracked 
| 214|0x0000000712800000, 0x0000000712800000, 0x0000000712900000|  0%| F|  |TAMS 0x0000000712800000, 0x0000000712800000| Untracked 
| 215|0x0000000712900000, 0x0000000712900000, 0x0000000712a00000|  0%| F|  |TAMS 0x0000000712900000, 0x0000000712900000| Untracked 
| 216|0x0000000712a00000, 0x0000000712a00000, 0x0000000712b00000|  0%| F|  |TAMS 0x0000000712a00000, 0x0000000712a00000| Untracked 
| 217|0x0000000712b00000, 0x0000000712b00000, 0x0000000712c00000|  0%| F|  |TAMS 0x0000000712b00000, 0x0000000712b00000| Untracked 
| 218|0x0000000712c00000, 0x0000000712c00000, 0x0000000712d00000|  0%| F|  |TAMS 0x0000000712c00000, 0x0000000712c00000| Untracked 
| 219|0x0000000712d00000, 0x0000000712d00000, 0x0000000712e00000|  0%| F|  |TAMS 0x0000000712d00000, 0x0000000712d00000| Untracked 
| 220|0x0000000712e00000, 0x0000000712e00000, 0x0000000712f00000|  0%| F|  |TAMS 0x0000000712e00000, 0x0000000712e00000| Untracked 
| 221|0x0000000712f00000, 0x0000000712f00000, 0x0000000713000000|  0%| F|  |TAMS 0x0000000712f00000, 0x0000000712f00000| Untracked 
| 222|0x0000000713000000, 0x0000000713000000, 0x0000000713100000|  0%| F|  |TAMS 0x0000000713000000, 0x0000000713000000| Untracked 
| 223|0x0000000713100000, 0x0000000713100000, 0x0000000713200000|  0%| F|  |TAMS 0x0000000713100000, 0x0000000713100000| Untracked 
| 224|0x0000000713200000, 0x0000000713200000, 0x0000000713300000|  0%| F|  |TAMS 0x0000000713200000, 0x0000000713200000| Untracked 
| 225|0x0000000713300000, 0x0000000713300000, 0x0000000713400000|  0%| F|  |TAMS 0x0000000713300000, 0x0000000713300000| Untracked 
| 226|0x0000000713400000, 0x0000000713400000, 0x0000000713500000|  0%| F|  |TAMS 0x0000000713400000, 0x0000000713400000| Untracked 
| 227|0x0000000713500000, 0x0000000713500000, 0x0000000713600000|  0%| F|  |TAMS 0x0000000713500000, 0x0000000713500000| Untracked 
| 228|0x0000000713600000, 0x0000000713600000, 0x0000000713700000|  0%| F|  |TAMS 0x0000000713600000, 0x0000000713600000| Untracked 
| 229|0x0000000713700000, 0x0000000713700000, 0x0000000713800000|  0%| F|  |TAMS 0x0000000713700000, 0x0000000713700000| Untracked 
| 230|0x0000000713800000, 0x0000000713800000, 0x0000000713900000|  0%| F|  |TAMS 0x0000000713800000, 0x0000000713800000| Untracked 
| 231|0x0000000713900000, 0x0000000713900000, 0x0000000713a00000|  0%| F|  |TAMS 0x0000000713900000, 0x0000000713900000| Untracked 
| 232|0x0000000713a00000, 0x0000000713a00000, 0x0000000713b00000|  0%| F|  |TAMS 0x0000000713a00000, 0x0000000713a00000| Untracked 
| 233|0x0000000713b00000, 0x0000000713b00000, 0x0000000713c00000|  0%| F|  |TAMS 0x0000000713b00000, 0x0000000713b00000| Untracked 
| 234|0x0000000713c00000, 0x0000000713c00000, 0x0000000713d00000|  0%| F|  |TAMS 0x0000000713c00000, 0x0000000713c00000| Untracked 
| 235|0x0000000713d00000, 0x0000000713d00000, 0x0000000713e00000|  0%| F|  |TAMS 0x0000000713d00000, 0x0000000713d00000| Untracked 
| 236|0x0000000713e00000, 0x0000000713eadc28, 0x0000000713f00000| 67%| S|CS|TAMS 0x0000000713e00000, 0x0000000713e00000| Complete 
| 237|0x0000000713f00000, 0x0000000714000000, 0x0000000714000000|100%| S|CS|TAMS 0x0000000713f00000, 0x0000000713f00000| Complete 
| 238|0x0000000714000000, 0x0000000714000000, 0x0000000714100000|  0%| F|  |TAMS 0x0000000714000000, 0x0000000714000000| Untracked 
| 239|0x0000000714100000, 0x0000000714100000, 0x0000000714200000|  0%| F|  |TAMS 0x0000000714100000, 0x0000000714100000| Untracked 
| 240|0x0000000714200000, 0x0000000714280800, 0x0000000714300000| 50%| E|  |TAMS 0x0000000714200000, 0x0000000714200000| Complete 
| 241|0x0000000714300000, 0x0000000714400000, 0x0000000714400000|100%| E|CS|TAMS 0x0000000714300000, 0x0000000714300000| Complete 
| 242|0x0000000714400000, 0x0000000714500000, 0x0000000714500000|100%| E|CS|TAMS 0x0000000714400000, 0x0000000714400000| Complete 
| 243|0x0000000714500000, 0x0000000714600000, 0x0000000714600000|100%| E|CS|TAMS 0x0000000714500000, 0x0000000714500000| Complete 
| 244|0x0000000714600000, 0x0000000714700000, 0x0000000714700000|100%| E|CS|TAMS 0x0000000714600000, 0x0000000714600000| Complete 
| 245|0x0000000714700000, 0x0000000714800000, 0x0000000714800000|100%| E|CS|TAMS 0x0000000714700000, 0x0000000714700000| Complete 
| 246|0x0000000714800000, 0x0000000714900000, 0x0000000714900000|100%| E|CS|TAMS 0x0000000714800000, 0x0000000714800000| Complete 
| 247|0x0000000714900000, 0x0000000714a00000, 0x0000000714a00000|100%| E|CS|TAMS 0x0000000714900000, 0x0000000714900000| Complete 
| 248|0x0000000714a00000, 0x0000000714b00000, 0x0000000714b00000|100%| E|CS|TAMS 0x0000000714a00000, 0x0000000714a00000| Complete 
| 249|0x0000000714b00000, 0x0000000714c00000, 0x0000000714c00000|100%| E|CS|TAMS 0x0000000714b00000, 0x0000000714b00000| Complete 
| 250|0x0000000714c00000, 0x0000000714d00000, 0x0000000714d00000|100%| E|CS|TAMS 0x0000000714c00000, 0x0000000714c00000| Complete 
| 251|0x0000000714d00000, 0x0000000714e00000, 0x0000000714e00000|100%| E|CS|TAMS 0x0000000714d00000, 0x0000000714d00000| Complete 

Card table byte_map: [0x00000218415c0000,0x0000021841da0000] _byte_map_base: 0x000002183dd97000

Marking Bits (Prev, Next): (CMBitMap*) 0x0000021829939f48, (CMBitMap*) 0x0000021829939f88
 Prev Bits: [0x0000021842580000, 0x0000021846438000)
 Next Bits: [0x0000021846440000, 0x000002184a2f8000)

Polling page: 0x0000021827860000

Metaspace:

Usage:
  Non-class:      7.50 MB capacity,     5.80 MB ( 77%) used,     1.68 MB ( 22%) free+waste,    26.38 KB ( <1%) overhead. 
      Class:      1.09 MB capacity,   850.62 KB ( 76%) used,   250.07 KB ( 22%) free+waste,    14.31 KB (  1%) overhead. 
       Both:      8.59 MB capacity,     6.63 MB ( 77%) used,     1.92 MB ( 22%) free+waste,    40.69 KB ( <1%) overhead. 

Virtual space:
  Non-class space:        8.00 MB reserved,       7.75 MB ( 97%) committed 
      Class space:        1.00 GB reserved,       1.13 MB ( <1%) committed 
             Both:        1.01 GB reserved,       8.88 MB ( <1%) committed 

Chunk freelists:
   Non-Class:  59.00 KB
       Class:  5.00 KB
        Both:  64.00 KB

MaxMetaspaceSize: 17179869184.00 GB
CompressedClassSpaceSize: 1.00 GB

CodeHeap 'non-profiled nmethods': size=120000Kb used=371Kb max_used=371Kb free=119628Kb
 bounds [0x00000218398b0000, 0x0000021839b20000, 0x0000021840de0000]
CodeHeap 'profiled nmethods': size=120000Kb used=1835Kb max_used=1835Kb free=118164Kb
 bounds [0x0000021832380000, 0x00000218325f0000, 0x00000218398b0000]
CodeHeap 'non-nmethods': size=5760Kb used=1224Kb max_used=1238Kb free=4535Kb
 bounds [0x0000021831de0000, 0x0000021832050000, 0x0000021832380000]
 total_blobs=2029 nmethods=1048 adapters=402
 compilation: enabled
              stopped_count=0, restarted_count=0
 full_count=0

Compilation events (20 events):
Event: 1.697 Thread 0x000002184e185800  989       4       java.lang.String::indexOf (7 bytes)
Event: 1.698 Thread 0x000002184d29d000 nmethod 996 0x0000021832525810 code [0x00000218325259e0, 0x0000021832525ce0]
Event: 1.698 Thread 0x000002184d29d000  997       3       java.lang.invoke.LambdaForm$MH/0x0000000800ba0440::invoke (8 bytes)
Event: 1.698 Thread 0x000002184d29d000 nmethod 997 0x0000021832525d90 code [0x0000021832525f40, 0x00000218325261f8]
Event: 1.698 Thread 0x000002184d29d000  988       3       jdk.internal.org.objectweb.asm.Handler::putExceptionTable (63 bytes)
Event: 1.698 Thread 0x000002184d29d000 nmethod 988 0x0000021832526310 code [0x0000021832526520, 0x00000218325269f0]
Event: 1.698 Thread 0x000002184d29d000  994       3       java.lang.invoke.InnerClassLambdaMetafactory::getLoadOpcode (26 bytes)
Event: 1.699 Thread 0x000002184d29d000 nmethod 994 0x0000021832526c90 code [0x0000021832526e60, 0x0000021832527100]
Event: 1.699 Thread 0x000002184d29d000  995       1       com.sun.javafx.tk.quantum.QuantumToolkit$PulseTask::get (5 bytes)
Event: 1.699 Thread 0x000002184d29d000 nmethod 995 0x0000021839909c10 code [0x0000021839909da0, 0x0000021839909ed8]
Event: 1.699 Thread 0x000002184d29d000  999       1       java.util.Formatter$Flags::valueOf (5 bytes)
Event: 1.699 Thread 0x000002184d29d000 nmethod 999 0x0000021839909f90 code [0x000002183990a120, 0x000002183990a258]
Event: 1.700 Thread 0x000002184d29d000 1000       3       java.lang.invoke.TypeConvertingMethodAdapter::cast (42 bytes)
Event: 1.700 Thread 0x000002184d29d000 nmethod 1000 0x0000021832527210 code [0x0000021832527400, 0x0000021832527910]
Event: 1.701 Thread 0x000002184d29d000 1001       3       java.lang.String::<init> (10 bytes)
Event: 1.701 Thread 0x000002184d29d000 nmethod 1001 0x0000021832527a90 code [0x0000021832527c40, 0x0000021832527e10]
Event: 1.702 Thread 0x000002184e185800 nmethod 989 0x000002183990a310 code [0x000002183990a4a0, 0x000002183990a678]
Event: 1.702 Thread 0x000002184e185800  998       4       java.lang.StringUTF16::getChar (60 bytes)
Event: 1.703 Thread 0x000002184e185800 nmethod 998 0x000002183990a810 code [0x000002183990a9a0, 0x000002183990aa58]
Event: 1.703 Thread 0x000002184e185800  962   !   4       java.nio.DirectByteBuffer::get (28 bytes)

GC Heap History (2 events):
Event: 1.213 GC heap before
{Heap before GC invocations=0 (full 0):
 garbage-first heap   total 258048K, used 13312K [0x0000000705200000, 0x0000000800000000)
  region size 1024K, 14 young (14336K), 0 survivors (0K)
 Metaspace       used 3287K, capacity 6443K, committed 6656K, reserved 1056768K
  class space    used 397K, capacity 733K, committed 768K, reserved 1048576K
}
Event: 1.219 GC heap after
{Heap after GC invocations=1 (full 0):
 garbage-first heap   total 258048K, used 1719K [0x0000000705200000, 0x0000000800000000)
  region size 1024K, 2 young (2048K), 2 survivors (2048K)
 Metaspace       used 3287K, capacity 6443K, committed 6656K, reserved 1056768K
  class space    used 397K, capacity 733K, committed 768K, reserved 1048576K
}

Deoptimization events (20 events):
Event: 1.103 Thread 0x000002184d40f800 DEOPT PACKING pc=0x00000218398fab48 sp=0x000000650b6fd170
Event: 1.103 Thread 0x000002184d40f800 DEOPT UNPACKING pc=0x0000021831e2912f sp=0x000000650b6fd0f8 mode 2
Event: 1.103 Thread 0x000002184d40f800 Uncommon trap: trap_request=0xffffffde fr.pc=0x00000218398fab48 relative=0x0000000000000128
Event: 1.103 Thread 0x000002184d40f800 Uncommon trap: reason=class_check action=maybe_recompile pc=0x00000218398fab48 method=jdk.internal.misc.Unsafe.allocateUninitializedArray(Ljava/lang/Class;I)Ljava/lang/Object; @ 48 c2
Event: 1.103 Thread 0x000002184d40f800 DEOPT PACKING pc=0x00000218398fab48 sp=0x000000650b6fd130
Event: 1.103 Thread 0x000002184d40f800 DEOPT UNPACKING pc=0x0000021831e2912f sp=0x000000650b6fd0b8 mode 2
Event: 1.103 Thread 0x000002184d40f800 Uncommon trap: trap_request=0xffffffde fr.pc=0x00000218398fab48 relative=0x0000000000000128
Event: 1.103 Thread 0x000002184d40f800 Uncommon trap: reason=class_check action=maybe_recompile pc=0x00000218398fab48 method=jdk.internal.misc.Unsafe.allocateUninitializedArray(Ljava/lang/Class;I)Ljava/lang/Object; @ 48 c2
Event: 1.103 Thread 0x000002184d40f800 DEOPT PACKING pc=0x00000218398fab48 sp=0x000000650b6fcef0
Event: 1.103 Thread 0x000002184d40f800 DEOPT UNPACKING pc=0x0000021831e2912f sp=0x000000650b6fce78 mode 2
Event: 1.396 Thread 0x000002184d40f800 Uncommon trap: trap_request=0xffffff45 fr.pc=0x00000218398ecbc8 relative=0x0000000000000128
Event: 1.396 Thread 0x000002184d40f800 Uncommon trap: reason=unstable_if action=reinterpret pc=0x00000218398ecbc8 method=java.lang.String.startsWith(Ljava/lang/String;I)Z @ 1 c2
Event: 1.396 Thread 0x000002184d40f800 DEOPT PACKING pc=0x00000218398ecbc8 sp=0x000000650b6fc1b0
Event: 1.396 Thread 0x000002184d40f800 DEOPT UNPACKING pc=0x0000021831e2912f sp=0x000000650b6fc118 mode 2
Event: 1.481 Thread 0x000002184d40f800 DEOPT PACKING pc=0x000002183245de74 sp=0x000000650b6fa660
Event: 1.481 Thread 0x000002184d40f800 DEOPT UNPACKING pc=0x0000021831e2964e sp=0x000000650b6f9ab8 mode 0
Event: 1.696 Thread 0x000002184d40f800 Uncommon trap: trap_request=0xffffff45 fr.pc=0x00000218398c0564 relative=0x0000000000000044
Event: 1.696 Thread 0x000002184d40f800 Uncommon trap: reason=unstable_if action=reinterpret pc=0x00000218398c0564 method=java.lang.CharacterData.of(I)Ljava/lang/CharacterData; @ 4 c2
Event: 1.696 Thread 0x000002184d40f800 DEOPT PACKING pc=0x00000218398c0564 sp=0x000000650b6fd470
Event: 1.696 Thread 0x000002184d40f800 DEOPT UNPACKING pc=0x0000021831e2912f sp=0x000000650b6fd410 mode 2

Classes unloaded (0 events):
No events

Classes redefined (0 events):
No events

Internal exceptions (14 events):
Event: 0.352 Thread 0x00000218298cf800 Exception <a 'sun/nio/fs/WindowsException'{0x0000000714c21018}> (0x0000000714c21018) 
thrown [t:/workspace/open/src/hotspot/share/prims/jni.cpp, line 598]
Event: 0.353 Thread 0x00000218298cf800 Exception <a 'sun/nio/fs/WindowsException'{0x0000000714c21588}> (0x0000000714c21588) 
thrown [t:/workspace/open/src/hotspot/share/prims/jni.cpp, line 598]
Event: 0.370 Thread 0x00000218298cf800 Exception <a 'java/lang/NoSuchMethodError'{0x0000000714c3b338}: 'int java.lang.invoke.DirectMethodHandle$Holder.invokeSpecialIFC(java.lang.Object, java.lang.Object, int)'> (0x0000000714c3b338) 
thrown [t:/workspace/open/src/hotspot/share/interpreter/linkResolver.cpp, line 767]
Event: 1.057 Thread 0x00000218298cf800 Exception <a 'java/lang/NoSuchMethodError'{0x0000000714202e98}: 'int java.lang.invoke.DirectMethodHandle$Holder.invokeStaticInit(java.lang.Object, java.lang.Object, java.lang.Object)'> (0x0000000714202e98) 
thrown [t:/workspace/open/src/hotspot/share/interpreter/linkResolver.cpp, line 767]
Event: 1.060 Thread 0x00000218298cf800 Exception <a 'java/lang/NoSuchMethodError'{0x000000071420de08}: 'void java.lang.invoke.DirectMethodHandle$Holder.invokeSpecial(java.lang.Object, java.lang.Object)'> (0x000000071420de08) 
thrown [t:/workspace/open/src/hotspot/share/interpreter/linkResolver.cpp, line 767]
Event: 1.088 Thread 0x00000218298cf800 Exception <a 'java/lang/NoSuchMethodError'{0x00000007142b6a30}: 'java.lang.Object java.lang.invoke.DirectMethodHandle$Holder.invokeStatic(java.lang.Object, java.lang.Object, int, java.lang.Object)'> (0x00000007142b6a30) 
thrown [t:/workspace/open/src/hotspot/share/interpreter/linkResolver.cpp, line 767]
Event: 1.091 Thread 0x00000218298cf800 Exception <a 'java/lang/NoSuchMethodError'{0x00000007142bccf8}: 'java.lang.Object java.lang.invoke.Invokers$Holder.linkToTargetMethod(java.lang.Object, int, java.lang.Object, java.lang.Object)'> (0x00000007142bccf8) 
thrown [t:/workspace/open/src/hotspot/share/interpreter/linkResolver.cpp, line 767]
Event: 1.170 Thread 0x000002184d40f800 Exception <a 'java/lang/NoSuchMethodError'{0x00000007141eb840}: 'void java.lang.invoke.DirectMethodHandle$Holder.invokeStaticInit(java.lang.Object)'> (0x00000007141eb840) 
thrown [t:/workspace/open/src/hotspot/share/interpreter/linkResolver.cpp, line 767]
Event: 1.175 Thread 0x00000218298cf800 Exception <a 'java/lang/NoSuchMethodError'{0x00000007142cbe78}: 'java.lang.Object java.lang.invoke.Invokers$Holder.linkToTargetMethod(java.lang.Object, java.lang.Object, java.lang.Object, java.lang.Object, java.lang.Object, java.lang.Object)'> (0x00000007142cbe78) 
thrown [t:/workspace/open/src/hotspot/share/interpreter/linkResolver.cpp, line 767]
Event: 1.204 Thread 0x000002184dd21800 Exception <a 'java/lang/NoSuchMethodError'{0x00000007140e3690}: 'void java.lang.invoke.DirectMethodHandle$Holder.invokeStatic(java.lang.Object, java.lang.Object, java.lang.Object, java.lang.Object)'> (0x00000007140e3690) 
thrown [t:/workspace/open/src/hotspot/share/interpreter/linkResolver.cpp, line 767]
Event: 1.592 Thread 0x000002184d40f800 Exception <a 'java/lang/NoSuchMethodError'{0x0000000714677ab8}: 'java.lang.Object java.lang.invoke.DirectMethodHandle$Holder.invokeStaticInit(java.lang.Object, java.lang.Object, java.lang.Object, java.lang.Object)'> (0x0000000714677ab8) 
thrown [t:/workspace/open/src/hotspot/share/interpreter/linkResolver.cpp, line 767]
Event: 1.596 Thread 0x000002184d40f800 Exception <a 'java/lang/NullPointerException'{0x0000000714682100}> (0x0000000714682100) 
thrown [t:/workspace/open/src/hotspot/share/interpreter/linkResolver.cpp, line 1349]
Event: 1.672 Thread 0x000002184d40f800 Exception <a 'java/lang/NoSuchMethodError'{0x00000007145b44f8}: 'java.lang.Object java.lang.invoke.DirectMethodHandle$Holder.invokeStatic(java.lang.Object, int, java.lang.Object)'> (0x00000007145b44f8) 
thrown [t:/workspace/open/src/hotspot/share/interpreter/linkResolver.cpp, line 767]
Event: 1.678 Thread 0x000002184d40f800 Exception <a 'java/lang/ClassNotFoundException'{0x00000007145caf80}: sun/util/logging/resources/spi/loggingProvider> (0x00000007145caf80) 
thrown [t:/workspace/open/src/hotspot/share/classfile/systemDictionary.cpp, line 232]

Events (20 events):
Event: 1.679 loading class sun/util/logging/resources/logging_fr done
Event: 1.679 loading class sun/util/logging/resources/logging_fr
Event: 1.679 loading class sun/util/logging/resources/logging_fr done
Event: 1.680 loading class sun/util/logging/resources/logging_fr_FR
Event: 1.680 loading class sun/util/logging/resources/logging_fr_FR done
Event: 1.680 loading class sun/util/logging/resources/logging_fr_FR
Event: 1.680 loading class sun/util/logging/resources/logging_fr_FR done
Event: 1.688 loading class sun/util/resources/LocaleData$CommonResourceBundleProvider
Event: 1.688 loading class sun/util/resources/LocaleData$LocaleDataResourceBundleProvider
Event: 1.688 loading class java/util/spi/ResourceBundleProvider
Event: 1.688 loading class java/util/spi/ResourceBundleProvider done
Event: 1.688 loading class sun/util/resources/LocaleData$LocaleDataResourceBundleProvider done
Event: 1.688 loading class sun/util/resources/LocaleData$CommonResourceBundleProvider done
Event: 1.689 loading class sun/util/resources/Bundles$2
Event: 1.689 loading class sun/util/resources/Bundles$2 done
Event: 1.689 loading class java/lang/InstantiationException
Event: 1.690 loading class java/lang/InstantiationException done
Event: 1.696 Executing VM operation: Deoptimize
Event: 1.696 Executing VM operation: Deoptimize done
Event: 1.697 Thread 0x000002184e185800 Thread added: 0x000002184e185800


Dynamic libraries:
0x00007ff7473c0000 - 0x00007ff7473cf000 	C:\Program Files\Java\jdk-13.0.2\bin\javaw.exe
0x00007ffaa5150000 - 0x00007ffaa5348000 	C:\WINDOWS\SYSTEM32\ntdll.dll
0x00007ffaa5020000 - 0x00007ffaa50df000 	C:\WINDOWS\System32\KERNEL32.DLL
0x00007ffaa2ed0000 - 0x00007ffaa31aa000 	C:\WINDOWS\System32\KERNELBASE.dll
0x00007ffaa2d80000 - 0x00007ffaa2e80000 	C:\WINDOWS\System32\ucrtbase.dll
0x00007ffa935e0000 - 0x00007ffa935f8000 	C:\Program Files\Java\jdk-13.0.2\bin\jli.dll
0x00007ffaa3ab0000 - 0x00007ffaa3b5e000 	C:\WINDOWS\System32\ADVAPI32.dll
0x00007ffaa3900000 - 0x00007ffaa399e000 	C:\WINDOWS\System32\msvcrt.dll
0x00007ffaa4480000 - 0x00007ffaa451c000 	C:\WINDOWS\System32\sechost.dll
0x00007ffaa4700000 - 0x00007ffaa4826000 	C:\WINDOWS\System32\RPCRT4.dll
0x00007ffaa48c0000 - 0x00007ffaa4a5d000 	C:\WINDOWS\System32\USER32.dll
0x00007ffaa2a10000 - 0x00007ffaa2a32000 	C:\WINDOWS\System32\win32u.dll
0x00007ffaa4830000 - 0x00007ffaa485b000 	C:\WINDOWS\System32\GDI32.dll
0x00007ffaa2a40000 - 0x00007ffaa2b50000 	C:\WINDOWS\System32\gdi32full.dll
0x00007ffaa2b50000 - 0x00007ffaa2bed000 	C:\WINDOWS\System32\msvcp_win.dll
0x00007ffa93550000 - 0x00007ffa93565000 	C:\Program Files\Java\jdk-13.0.2\bin\VCRUNTIME140.dll
0x00007ffa8f830000 - 0x00007ffa8faca000 	C:\WINDOWS\WinSxS\amd64_microsoft.windows.common-controls_6595b64144ccf1df_6.0.19041.1110_none_60b5254171f9507e\COMCTL32.dll
0x00007ffa937f0000 - 0x00007ffa937fa000 	C:\WINDOWS\SYSTEM32\VERSION.dll
0x00007ffaa50e0000 - 0x00007ffaa5110000 	C:\WINDOWS\System32\IMM32.DLL
0x00007ffa82420000 - 0x00007ffa824bb000 	C:\Program Files\Java\jdk-13.0.2\bin\msvcp140.dll
0x00007ffa4fdf0000 - 0x00007ffa5094d000 	C:\Program Files\Java\jdk-13.0.2\bin\server\jvm.dll
0x00007ffaa3b70000 - 0x00007ffaa3b78000 	C:\WINDOWS\System32\PSAPI.DLL
0x00007ffaa0f90000 - 0x00007ffaa0f99000 	C:\WINDOWS\SYSTEM32\WSOCK32.dll
0x00007ffaa4d30000 - 0x00007ffaa4d9b000 	C:\WINDOWS\System32\WS2_32.dll
0x00007ffa8e420000 - 0x00007ffa8e447000 	C:\WINDOWS\SYSTEM32\WINMM.dll
0x00007ffaa10b0000 - 0x00007ffaa10c2000 	C:\WINDOWS\SYSTEM32\kernel.appcore.dll
0x00007ffa9bd00000 - 0x00007ffa9bd10000 	C:\Program Files\Java\jdk-13.0.2\bin\verify.dll
0x00007ffaa05d0000 - 0x00007ffaa07b4000 	C:\WINDOWS\SYSTEM32\DBGHELP.DLL
0x00007ffa8b650000 - 0x00007ffa8b684000 	C:\WINDOWS\SYSTEM32\dbgcore.DLL
0x00007ffaa2980000 - 0x00007ffaa2a02000 	C:\WINDOWS\System32\bcryptPrimitives.dll
0x00007ffa912d0000 - 0x00007ffa912f6000 	C:\Program Files\Java\jdk-13.0.2\bin\java.dll
0x00007ffa93530000 - 0x00007ffa93547000 	C:\Program Files\Java\jdk-13.0.2\bin\zip.dll
0x00007ffa9b930000 - 0x00007ffa9b93a000 	C:\Program Files\Java\jdk-13.0.2\bin\jimage.dll
0x00007ffaa31b0000 - 0x00007ffaa38f4000 	C:\WINDOWS\System32\SHELL32.dll
0x00007ffaa07c0000 - 0x00007ffaa0f53000 	C:\WINDOWS\SYSTEM32\windows.storage.dll
0x00007ffaa3b80000 - 0x00007ffaa3ed4000 	C:\WINDOWS\System32\combase.dll
0x00007ffaa22c0000 - 0x00007ffaa22ee000 	C:\WINDOWS\SYSTEM32\Wldp.dll
0x00007ffaa43d0000 - 0x00007ffaa447d000 	C:\WINDOWS\System32\SHCORE.dll
0x00007ffaa4860000 - 0x00007ffaa48b5000 	C:\WINDOWS\System32\shlwapi.dll
0x00007ffaa27a0000 - 0x00007ffaa27bf000 	C:\WINDOWS\SYSTEM32\profapi.dll
0x00007ffa92d60000 - 0x00007ffa92d79000 	C:\Program Files\Java\jdk-13.0.2\bin\net.dll
0x00007ffa94290000 - 0x00007ffa9439a000 	C:\WINDOWS\SYSTEM32\WINHTTP.dll
0x00007ffaa2020000 - 0x00007ffaa208a000 	C:\WINDOWS\system32\mswsock.dll
0x00007ffa912b0000 - 0x00007ffa912c3000 	C:\Program Files\Java\jdk-13.0.2\bin\nio.dll
0x00000218278a0000 - 0x00000218278a3000 	C:\Users\Moi\Documents\BTS_SIO\cours-bts-sio\poo\JavaFX\javafx-sdk-17.0.1\bin\api-ms-win-core-console-l1-1-0.dll
0x00000218278b0000 - 0x00000218278b3000 	C:\Users\Moi\Documents\BTS_SIO\cours-bts-sio\poo\JavaFX\javafx-sdk-17.0.1\bin\api-ms-win-core-console-l1-2-0.dll
0x00000218278c0000 - 0x00000218278c3000 	C:\Users\Moi\Documents\BTS_SIO\cours-bts-sio\poo\JavaFX\javafx-sdk-17.0.1\bin\api-ms-win-core-datetime-l1-1-0.dll
0x00000218278d0000 - 0x00000218278d3000 	C:\Users\Moi\Documents\BTS_SIO\cours-bts-sio\poo\JavaFX\javafx-sdk-17.0.1\bin\api-ms-win-core-debug-l1-1-0.dll
0x00000218278e0000 - 0x00000218278e3000 	C:\Users\Moi\Documents\BTS_SIO\cours-bts-sio\poo\JavaFX\javafx-sdk-17.0.1\bin\api-ms-win-core-errorhandling-l1-1-0.dll
0x00000218278f0000 - 0x00000218278f4000 	C:\Users\Moi\Documents\BTS_SIO\cours-bts-sio\poo\JavaFX\javafx-sdk-17.0.1\bin\api-ms-win-core-file-l1-1-0.dll
0x0000021829840000 - 0x0000021829843000 	C:\Users\Moi\Documents\BTS_SIO\cours-bts-sio\poo\JavaFX\javafx-sdk-17.0.1\bin\api-ms-win-core-file-l1-2-0.dll
0x0000021829850000 - 0x0000021829853000 	C:\Users\Moi\Documents\BTS_SIO\cours-bts-sio\poo\JavaFX\javafx-sdk-17.0.1\bin\api-ms-win-core-file-l2-1-0.dll
0x0000021829860000 - 0x0000021829863000 	C:\Users\Moi\Documents\BTS_SIO\cours-bts-sio\poo\JavaFX\javafx-sdk-17.0.1\bin\api-ms-win-core-handle-l1-1-0.dll
0x0000021829870000 - 0x0000021829873000 	C:\Users\Moi\Documents\BTS_SIO\cours-bts-sio\poo\JavaFX\javafx-sdk-17.0.1\bin\api-ms-win-core-heap-l1-1-0.dll
0x0000021829880000 - 0x0000021829883000 	C:\Users\Moi\Documents\BTS_SIO\cours-bts-sio\poo\JavaFX\javafx-sdk-17.0.1\bin\api-ms-win-core-interlocked-l1-1-0.dll
0x0000021829890000 - 0x0000021829893000 	C:\Users\Moi\Documents\BTS_SIO\cours-bts-sio\poo\JavaFX\javafx-sdk-17.0.1\bin\api-ms-win-core-libraryloader-l1-1-0.dll
0x00000218298a0000 - 0x00000218298a3000 	C:\Users\Moi\Documents\BTS_SIO\cours-bts-sio\poo\JavaFX\javafx-sdk-17.0.1\bin\api-ms-win-core-localization-l1-2-0.dll
0x000002184eed0000 - 0x000002184eed3000 	C:\Users\Moi\Documents\BTS_SIO\cours-bts-sio\poo\JavaFX\javafx-sdk-17.0.1\bin\api-ms-win-core-memory-l1-1-0.dll
0x000002184eee0000 - 0x000002184eee3000 	C:\Users\Moi\Documents\BTS_SIO\cours-bts-sio\poo\JavaFX\javafx-sdk-17.0.1\bin\api-ms-win-core-namedpipe-l1-1-0.dll
0x000002184eef0000 - 0x000002184eef3000 	C:\Users\Moi\Documents\BTS_SIO\cours-bts-sio\poo\JavaFX\javafx-sdk-17.0.1\bin\api-ms-win-core-processenvironment-l1-1-0.dll
0x000002184ef00000 - 0x000002184ef03000 	C:\Users\Moi\Documents\BTS_SIO\cours-bts-sio\poo\JavaFX\javafx-sdk-17.0.1\bin\api-ms-win-core-processthreads-l1-1-0.dll
0x000002184ef10000 - 0x000002184ef13000 	C:\Users\Moi\Documents\BTS_SIO\cours-bts-sio\poo\JavaFX\javafx-sdk-17.0.1\bin\api-ms-win-core-processthreads-l1-1-1.dll
0x000002184ef20000 - 0x000002184ef23000 	C:\Users\Moi\Documents\BTS_SIO\cours-bts-sio\poo\JavaFX\javafx-sdk-17.0.1\bin\api-ms-win-core-profile-l1-1-0.dll
0x000002184ef30000 - 0x000002184ef33000 	C:\Users\Moi\Documents\BTS_SIO\cours-bts-sio\poo\JavaFX\javafx-sdk-17.0.1\bin\api-ms-win-core-rtlsupport-l1-1-0.dll
0x000002184ef40000 - 0x000002184ef43000 	C:\Users\Moi\Documents\BTS_SIO\cours-bts-sio\poo\JavaFX\javafx-sdk-17.0.1\bin\api-ms-win-core-string-l1-1-0.dll
0x000002184ef50000 - 0x000002184ef53000 	C:\Users\Moi\Documents\BTS_SIO\cours-bts-sio\poo\JavaFX\javafx-sdk-17.0.1\bin\api-ms-win-core-synch-l1-1-0.dll
0x000002184f2f0000 - 0x000002184f2f3000 	C:\Users\Moi\Documents\BTS_SIO\cours-bts-sio\poo\JavaFX\javafx-sdk-17.0.1\bin\api-ms-win-core-synch-l1-2-0.dll
0x000002184f300000 - 0x000002184f303000 	C:\Users\Moi\Documents\BTS_SIO\cours-bts-sio\poo\JavaFX\javafx-sdk-17.0.1\bin\api-ms-win-core-sysinfo-l1-1-0.dll
0x000002184f310000 - 0x000002184f313000 	C:\Users\Moi\Documents\BTS_SIO\cours-bts-sio\poo\JavaFX\javafx-sdk-17.0.1\bin\api-ms-win-core-timezone-l1-1-0.dll
0x000002184f320000 - 0x000002184f323000 	C:\Users\Moi\Documents\BTS_SIO\cours-bts-sio\poo\JavaFX\javafx-sdk-17.0.1\bin\api-ms-win-core-util-l1-1-0.dll
0x000002184f330000 - 0x000002184f333000 	C:\Users\Moi\Documents\BTS_SIO\cours-bts-sio\poo\JavaFX\javafx-sdk-17.0.1\bin\api-ms-win-crt-conio-l1-1-0.dll
0x000002184f340000 - 0x000002184f344000 	C:\Users\Moi\Documents\BTS_SIO\cours-bts-sio\poo\JavaFX\javafx-sdk-17.0.1\bin\api-ms-win-crt-convert-l1-1-0.dll
0x000002184ef60000 - 0x000002184ef63000 	C:\Users\Moi\Documents\BTS_SIO\cours-bts-sio\poo\JavaFX\javafx-sdk-17.0.1\bin\api-ms-win-crt-environment-l1-1-0.dll
0x000002184ef70000 - 0x000002184ef73000 	C:\Users\Moi\Documents\BTS_SIO\cours-bts-sio\poo\JavaFX\javafx-sdk-17.0.1\bin\api-ms-win-crt-filesystem-l1-1-0.dll
0x000002184ef80000 - 0x000002184ef83000 	C:\Users\Moi\Documents\BTS_SIO\cours-bts-sio\poo\JavaFX\javafx-sdk-17.0.1\bin\api-ms-win-crt-heap-l1-1-0.dll
0x000002184ef90000 - 0x000002184ef93000 	C:\Users\Moi\Documents\BTS_SIO\cours-bts-sio\poo\JavaFX\javafx-sdk-17.0.1\bin\api-ms-win-crt-locale-l1-1-0.dll
0x000002184efa0000 - 0x000002184efa5000 	C:\Users\Moi\Documents\BTS_SIO\cours-bts-sio\poo\JavaFX\javafx-sdk-17.0.1\bin\api-ms-win-crt-math-l1-1-0.dll
0x000002184efb0000 - 0x000002184efb5000 	C:\Users\Moi\Documents\BTS_SIO\cours-bts-sio\poo\JavaFX\javafx-sdk-17.0.1\bin\api-ms-win-crt-multibyte-l1-1-0.dll
0x000002184efc0000 - 0x000002184efd0000 	C:\Users\Moi\Documents\BTS_SIO\cours-bts-sio\poo\JavaFX\javafx-sdk-17.0.1\bin\api-ms-win-crt-private-l1-1-0.dll
0x000002184efd0000 - 0x000002184efd3000 	C:\Users\Moi\Documents\BTS_SIO\cours-bts-sio\poo\JavaFX\javafx-sdk-17.0.1\bin\api-ms-win-crt-process-l1-1-0.dll
0x000002184efe0000 - 0x000002184efe4000 	C:\Users\Moi\Documents\BTS_SIO\cours-bts-sio\poo\JavaFX\javafx-sdk-17.0.1\bin\api-ms-win-crt-runtime-l1-1-0.dll
0x000002184eff0000 - 0x000002184eff4000 	C:\Users\Moi\Documents\BTS_SIO\cours-bts-sio\poo\JavaFX\javafx-sdk-17.0.1\bin\api-ms-win-crt-stdio-l1-1-0.dll
0x000002184f000000 - 0x000002184f004000 	C:\Users\Moi\Documents\BTS_SIO\cours-bts-sio\poo\JavaFX\javafx-sdk-17.0.1\bin\api-ms-win-crt-string-l1-1-0.dll
0x000002184f010000 - 0x000002184f013000 	C:\Users\Moi\Documents\BTS_SIO\cours-bts-sio\poo\JavaFX\javafx-sdk-17.0.1\bin\api-ms-win-crt-time-l1-1-0.dll
0x000002184f020000 - 0x000002184f023000 	C:\Users\Moi\Documents\BTS_SIO\cours-bts-sio\poo\JavaFX\javafx-sdk-17.0.1\bin\api-ms-win-crt-utility-l1-1-0.dll
0x00007ffa7ef00000 - 0x00007ffa7effc000 	C:\Users\Moi\Documents\BTS_SIO\cours-bts-sio\poo\JavaFX\javafx-sdk-17.0.1\bin\ucrtbase.dll
0x00007ffa91290000 - 0x00007ffa912aa000 	C:\Users\Moi\Documents\BTS_SIO\cours-bts-sio\poo\JavaFX\javafx-sdk-17.0.1\bin\vcruntime140.dll
0x00007ffa9b820000 - 0x00007ffa9b82c000 	C:\Users\Moi\Documents\BTS_SIO\cours-bts-sio\poo\JavaFX\javafx-sdk-17.0.1\bin\vcruntime140_1.dll
0x00007ffa83800000 - 0x00007ffa8388d000 	C:\Users\Moi\Documents\BTS_SIO\cours-bts-sio\poo\JavaFX\javafx-sdk-17.0.1\bin\msvcp140.dll
0x00007ffa839e0000 - 0x00007ffa83a0a000 	C:\Users\Moi\Documents\BTS_SIO\cours-bts-sio\poo\JavaFX\javafx-sdk-17.0.1\bin\prism_d3d.dll
0x00007ffa66b00000 - 0x00007ffa66ccd000 	C:\WINDOWS\system32\d3d9.dll
0x00007ffaa0040000 - 0x00007ffaa006f000 	C:\WINDOWS\SYSTEM32\dwmapi.dll
0x00007ffa9fe60000 - 0x00007ffa9fefe000 	C:\WINDOWS\system32\uxtheme.dll
0x00007ffa669a0000 - 0x00007ffa66afd000 	C:\WINDOWS\System32\DriverStore\FileRepository\igdlh64.inf_amd64_6742a32d2d482a17\igdumdim64.dll
0x00007ffaa2d50000 - 0x00007ffaa2d77000 	C:\WINDOWS\System32\bcrypt.dll
0x00007ffa63090000 - 0x00007ffa66996000 	C:\WINDOWS\System32\DriverStore\FileRepository\igdlh64.inf_amd64_6742a32d2d482a17\igd9dxva64.dll
0x00007ffaa4da0000 - 0x00007ffaa4eca000 	C:\WINDOWS\System32\ole32.dll
0x00007ffaa4630000 - 0x00007ffaa46fd000 	C:\WINDOWS\System32\OLEAUT32.dll
0x00007ffaa3f60000 - 0x00007ffaa43c8000 	C:\WINDOWS\System32\SETUPAPI.dll
0x00007ffaa2e80000 - 0x00007ffaa2ece000 	C:\WINDOWS\System32\cfgmgr32.dll
0x00007ffa96e50000 - 0x00007ffa96ff4000 	C:\WINDOWS\System32\DriverStore\FileRepository\igdlh64.inf_amd64_6742a32d2d482a17\igdgmm64.dll
0x00007ffa7eeb0000 - 0x00007ffa7eef2000 	C:\Users\Moi\Documents\BTS_SIO\cours-bts-sio\poo\JavaFX\javafx-sdk-17.0.1\bin\glass.dll
0x00007ffaa4ee0000 - 0x00007ffaa4fba000 	C:\WINDOWS\System32\COMDLG32.dll
0x00007ffaa4c10000 - 0x00007ffaa4d24000 	C:\WINDOWS\System32\MSCTF.dll
0x00007ffa6d7b0000 - 0x00007ffa6d7d6000 	C:\WINDOWS\System32\DriverStore\FileRepository\igdlh64.inf_amd64_6742a32d2d482a17\igdinfo64.dll

dbghelp: loaded successfully - version: 4.0.5 - missing functions: none
symbol engine: initialized successfully - sym options: 0x614 - pdb path: .;C:\Program Files\Java\jdk-13.0.2\bin;C:\WINDOWS\SYSTEM32;C:\WINDOWS\WinSxS\amd64_microsoft.windows.common-controls_6595b64144ccf1df_6.0.19041.1110_none_60b5254171f9507e;C:\Program Files\Java\jdk-13.0.2\bin\server;C:\Users\Moi\Documents\BTS_SIO\cours-bts-sio\poo\JavaFX\javafx-sdk-17.0.1\bin;C:\WINDOWS\System32\DriverStore\FileRepository\igdlh64.inf_amd64_6742a32d2d482a17

VM Arguments:
jvm_args: --module-path=C:\Users\Moi\Documents\BTS_SIO\cours-bts-sio\poo\JavaFX\javafx-sdk-17.0.1\lib --add-modules=javafx.controls,javafx.fxml -Dfile.encoding=UTF-8 
java_command: piscine.Main
java_class_path (initial): C:\Users\Moi\git2\PiscineM\target\classes;C:\Users\Moi\.m2\repository\com\microsoft\sqlserver\mssql-jdbc\6.1.0.jre8\mssql-jdbc-6.1.0.jre8.jar;C:\Users\Moi\.m2\repository\com\microsoft\azure\azure-keyvault\0.9.3\azure-keyvault-0.9.3.jar;C:\Users\Moi\.m2\repository\com\microsoft\azure\azure-core\0.9.3\azure-core-0.9.3.jar;C:\Users\Moi\.m2\repository\commons-codec\commons-codec\1.10\commons-codec-1.10.jar;C:\Users\Moi\.m2\repository\commons-lang\commons-lang\2.6\commons-lang-2.6.jar;C:\Users\Moi\.m2\repository\javax\mail\mail\1.4.5\mail-1.4.5.jar;C:\Users\Moi\.m2\repository\javax\activation\activation\1.1\activation-1.1.jar;C:\Users\Moi\.m2\repository\com\sun\jersey\jersey-client\1.13\jersey-client-1.13.jar;C:\Users\Moi\.m2\repository\com\sun\jersey\jersey-core\1.13\jersey-core-1.13.jar;C:\Users\Moi\.m2\repository\com\sun\jersey\jersey-json\1.13\jersey-json-1.13.jar;C:\Users\Moi\.m2\repository\org\codehaus\jettison\jettison\1.1\jettison-1.1.jar;C:\Users\Moi\.m2\repository\stax\stax-api\1.0.1\stax-api-1.0.1.jar;C:\Users\Moi\.m2\repository\com\sun\xml\bind\jaxb-impl\2.2.3-1\jaxb-impl-2.2.3-1.jar;C:\Users\Moi\.m2\repository\javax\xml\bind\jaxb-api\2.2.2\jaxb-api-2.2.2.jar;C:\Users\Moi\.m2\repository\javax\xml\stream\stax-api\1.0-2\stax-api-1.0-2.jar;C:\Users\Moi\.m2\repository\org\codehaus\jackson\jackson-core-asl\1.9.2\jackson-core-asl-1.9.2.jar;C:\Users\Moi\.m2\repository\org\codehaus\jackson\jackson-mapper-asl\1.9.2\jackson-mapper-asl-1.9.2.jar;C:\Users\Moi\.m2\repository\org\codehaus\jackson\jackson-jaxrs\1.9.2\jackson-jaxrs-1.9.2.jar;C:\Users\Moi\.m2\repository\org\codehaus\jackson\jackson-xc\1.9.2\jackson-xc-1.9.2.jar;C:\Users\Moi\.m2\repository\org\apache\httpcomponents\httpclient\4.3.6\httpclient-4.3.6.jar;C:\Users\Moi\.m2\repository\org\apache\httpcomponents\httpcore\4.3.3\httpcore-4.3.3.jar;C:\Users\Moi\.m2\repository\commons-logging\commons-logging\1.1.3\commons-logging-1.1.3.jar;C:\Users\Moi\.m2\repository\javax\inject\javax.inject
Launcher Type: SUN_STANDARD

[Global flags]
     intx CICompilerCount                          = 3                                         {product} {ergonomic}
     uint ConcGCThreads                            = 1                                         {product} {ergonomic}
     uint G1ConcRefinementThreads                  = 4                                         {product} {ergonomic}
   size_t G1HeapRegionSize                         = 1048576                                   {product} {ergonomic}
    uintx GCDrainStackTargetSize                   = 64                                        {product} {ergonomic}
   size_t InitialHeapSize                          = 264241152                                 {product} {ergonomic}
   size_t MarkStackSize                            = 4194304                                   {product} {ergonomic}
   size_t MaxHeapSize                              = 4208984064                                {product} {ergonomic}
   size_t MaxNewSize                               = 2524971008                                {product} {ergonomic}
   size_t MinHeapDeltaBytes                        = 1048576                                   {product} {ergonomic}
   size_t MinHeapSize                              = 8388608                                   {product} {ergonomic}
    uintx NonNMethodCodeHeapSize                   = 5832780                                {pd product} {ergonomic}
    uintx NonProfiledCodeHeapSize                  = 122912730                              {pd product} {ergonomic}
    uintx ProfiledCodeHeapSize                     = 122912730                              {pd product} {ergonomic}
    uintx ReservedCodeCacheSize                    = 251658240                              {pd product} {ergonomic}
     bool SegmentedCodeCache                       = true                                      {product} {ergonomic}
   size_t SoftMaxHeapSize                          = 4208984064                             {manageable} {ergonomic}
     bool UseCompressedClassPointers               = true                                 {lp64_product} {ergonomic}
     bool UseCompressedOops                        = true                                 {lp64_product} {ergonomic}
     bool UseG1GC                                  = true                                      {product} {ergonomic}
     bool UseLargePagesIndividualAllocation        = false                                  {pd product} {ergonomic}

Logging:
Log output configuration:
 #0: stdout all=warning uptime,level,tags
 #1: stderr all=off uptime,level,tags

Environment Variables:
PATH=C:/Users/Moi/.p2/pool/plugins/org.eclipse.justj.openjdk.hotspot.jre.full.win32.x86_64_17.0.4.v20220903-1038/jre/bin/server;C:/Users/Moi/.p2/pool/plugins/org.eclipse.justj.openjdk.hotspot.jre.full.win32.x86_64_17.0.4.v20220903-1038/jre/bin;C:\Program Files\Common Files\Oracle\Java\javapath;C:\WINDOWS\system32;C:\WINDOWS;C:\WINDOWS\System32\Wbem;C:\WINDOWS\System32\WindowsPowerShell\v1.0\;C:\WINDOWS\System32\OpenSSH\;C:\Program Files\Microsoft SQL Server\Client SDK\ODBC\170\Tools\Binn\;C:\Program Files (x86)\Microsoft SQL Server\150\Tools\Binn\;C:\Program Files\Microsoft SQL Server\150\Tools\Binn\;C:\Program Files\Microsoft SQL Server\150\DTS\Binn\;C:\Program Files (x86)\Microsoft SQL Server\150\DTS\Binn\;C:\Program Files\Azure Data Studio\bin;C:\Program Files\Git\cmd;C:\Program Files\dotnet\;C:\Program Files\nodejs\;C:\Users\Moi\AppData\Local\Microsoft\WindowsApps;C:\Users\Moi\AppData\Local\Programs\Microsoft VS Code\bin;C:\Program Files\Azure Data Studio\bin;C:\PHP Desktop\data\php;C:\Program Files (x86)\Nmap;C:\Users\Moi\AppData\Roaming\npm;C:\Users\Moi\eclipse\java-2022-09\eclipse;
USERNAME=Moi
OS=Windows_NT
PROCESSOR_IDENTIFIER=Intel64 Family 6 Model 78 Stepping 3, GenuineIntel



---------------  S Y S T E M  ---------------

OS: Windows 10 , 64 bit Build 19041 (10.0.19041.2788)

CPU:total 4 (initial active 4) (2 cores per cpu, 2 threads per core) family 6 model 78 stepping 3, cmov, cx8, fxsr, mmx, sse, sse2, sse3, ssse3, sse4.1, sse4.2, popcnt, avx, avx2, aes, clmul, erms, rtm, 3dnowpref, lzcnt, ht, tsc, tscinvbit, bmi1, bmi2, adx, fma

Memory: 4k page, system-wide physical 16052M (3460M free)
TotalPageFile size 46438M (AvailPageFile size 22M)
current process WorkingSet (physical memory assigned to process): 85M, peak: 85M
current process commit charge ("private bytes"): 371M, peak: 371M

vm_info: Java HotSpot(TM) 64-Bit Server VM (13.0.2+8) for windows-amd64 JRE (13.0.2+8), built on Dec 11 2019 09:20:33 by "mach5one" with unknown MS VC++:1916

END.
